make all --print-data-base --no-builtin-variables --no-builtin-rules --question
build/CImage.dep:1: *** missing separator.  Stop.

# GNU Make 4.2.1
# Built for x86_64-pc-linux-gnu
# Copyright (C) 1988-2016 Free Software Foundation, Inc.
# License GPLv3+: GNU GPL version 3 or later <http://gnu.org/licenses/gpl.html>
# This is free software: you are free to change and redistribute it.
# There is NO WARRANTY, to the extent permitted by law.

# Make data base, printed on Mon Jun 13 09:09:27 2022

# Variables

# environment
GNUMAKEFLAGS := 
# automatic
<D = $(patsubst %/,%,$(dir $<))
# automatic
?F = $(notdir $?)
# environment
DESKTOP_SESSION = ubuntu
# default
.SHELLFLAGS := -c
# environment
XDG_SESSION_CLASS = user
# environment
SNAP_COMMON = /var/snap/code/common
# environment
XDG_SESSION_TYPE = x11
# environment
VSCODE_LOG_NATIVE = false
# automatic
?D = $(patsubst %/,%,$(dir $?))
# environment
IM_CONFIG_PHASE = 1
# automatic
@D = $(patsubst %/,%,$(dir $@))
# environment
XAUTHORITY = /run/user/1000/gdm/Xauthority
# environment
GDMSESSION = ubuntu
# environment
XMODIFIERS = @im=ibus
# makefile
CURDIR := /home/adam/PA2/semestralka/majtaada
# makefile
SHELL = /bin/sh
# environment
SNAP_DATA = /var/snap/code/98
# environment
VSCODE_NLS_CONFIG = {"locale":"en-us","availableLanguages":{},"_languagePackSupport":true}
# environment
JOURNAL_STREAM = 8:50479
# environment
XDG_CONFIG_DIRS = /etc/xdg/xdg-ubuntu:/etc/xdg
# environment
SNAP_INSTANCE_NAME = code
# environment
SNAP_ARCH = amd64
# makefile (from 'build/CImage.dep', line 1)
MAKEFILE_LIST :=  Makefile build/CImage.dep
# automatic
@F = $(notdir $@)
# environment
GIO_LAUNCHED_DESKTOP_FILE = /var/lib/snapd/desktop/applications/code_code.desktop
# makefile (from 'Makefile', line 8)
ZIP = Makefile Doxyfile DOCUMENTATION.md zadani.txt prohlaseni.txt .gitignore $(wildcard examples/*) $(wildcard src/*)
# environment
USERNAME = adam
# makefile (from 'Makefile', line 11)
SOURCES = $(wildcard src/*.cpp)
# environment
MAKELEVEL := 0
# environment
XDG_DATA_DIRS = /usr/share/ubuntu:/usr/local/share/:/usr/share/:/var/lib/snapd/desktop
# environment
DBUS_SESSION_BUS_ADDRESS = unix:path=/run/user/1000/bus
# environment
VSCODE_VERBOSE_LOGGING = true
# environment
_ = /snap/code/98/usr/share/code/code
# environment
MANAGERPID = 1653
# environment
LESSOPEN = | /usr/bin/lesspipe %s
# environment
LC_NAME = sk_SK.UTF-8
# environment
VSCODE_CWD = /home/adam
# environment
GSETTINGS_SCHEMA_DIR = /snap/code/98/usr/share/glib-2.0/schemas
# default
MAKE_HOST := x86_64-pc-linux-gnu
# environment
PATH = /usr/local/sbin:/usr/local/bin:/usr/sbin:/usr/bin:/sbin:/bin:/usr/games:/usr/local/games:/snap/bin
# environment
GPG_AGENT_INFO = /run/user/1000/gnupg/S.gpg-agent:0:1
# environment
SESSION_MANAGER = local/adam-IdeaPad-5-14ALC05:@/tmp/.ICE-unix/1910,unix/adam-IdeaPad-5-14ALC05:/tmp/.ICE-unix/1910
# environment
XDG_RUNTIME_DIR = /run/user/1000
# environment
GDK_PIXBUF_MODULE_FILE = /home/adam/snap/code/common/.cache/gdk-pixbuf-loaders.cache
# environment
SNAP = /snap/code/98
# environment
SNAP_VERSION = 4af164ea
# environment
XDG_MENU_PREFIX = gnome-
# environment
VSCODE_LOG_STACK = false
# environment
DISABLE_WAYLAND = 1
# environment
ELECTRON_RUN_AS_NODE = 1
# environment
INVOCATION_ID = e83b5e00225e4a2db5e40c8d8660b9ab
# environment
GDK_PIXBUF_MODULEDIR = /snap/code/98/usr/lib/x86_64-linux-gnu/gdk-pixbuf-2.0/2.10.0/loaders
# default
.FEATURES := target-specific order-only second-expansion else-if shortest-stem undefine oneshell archives jobserver output-sync check-symlink load
# environment
LS_COLORS = 
# environment
XDG_SESSION_DESKTOP = ubuntu
# environment
SSH_AUTH_SOCK = /run/user/1000/keyring/ssh
# environment
GIO_LAUNCHED_DESKTOP_FILE_PID = 5239
# automatic
%F = $(notdir $%)
# environment
DISPLAY = :0
# environment
VSCODE_PIPE_LOGGING = true
# environment
SNAP_INSTANCE_KEY = 
# environment
PWD = /home/adam/PA2/semestralka/majtaada
# default
.LOADED := 
# environment
SSH_AGENT_PID = 1844
# makefile (from 'Makefile', line 3)
LOGIN = majtaada
# environment
ORIGINAL_XDG_CURRENT_DESKTOP = ubuntu:GNOME
# environment
GTK_MODULES = gail:atk-bridge
# environment
VSCODE_AMD_ENTRYPOINT = vs/workbench/api/node/extensionHostProcess
# environment
HOME = /home/adam
# environment
LESSCLOSE = /usr/bin/lesspipe %s %s
# environment
VSCODE_CLI = 1
# environment
VSCODE_CODE_CACHE_PATH = /home/adam/.config/Code/CachedData/4af164ea3a06f701fe3e89a2bcbb421d2026b68f
# environment
LOGNAME = adam
# environment
APPLICATION_INSIGHTS_NO_DIAGNOSTIC_CHANNEL = 1
# environment
SNAP_LIBRARY_PATH = /var/lib/snapd/lib/gl:/var/lib/snapd/lib/gl32:/var/lib/snapd/void
# environment
SNAP_CONTEXT = JzO0fWUQkHriBQ0ZIs5Z2Nr2CYvrEjGUs_IkdALeieJYtAh15ZBD
# automatic
+F = $(notdir $+)
# environment
ELECTRON_NO_ATTACH_CONSOLE = 1
# environment
SNAP_USER_COMMON = /home/adam/snap/code/common
# environment
VSCODE_HANDLES_UNCAUGHT_ERRORS = true
# environment
GNOME_DESKTOP_SESSION_ID = this-is-deprecated
# automatic
^D = $(patsubst %/,%,$(dir $^))
# environment
LC_TIME = sk_SK.UTF-8
# environment
SNAP_REAL_HOME = /home/adam
# makefile (from 'Makefile', line 5)
BASIC_FLAGS = -std=c++17 -O2 -g -Wall -pedantic
# default
MAKE = $(MAKE_COMMAND)
# default
MAKECMDGOALS := all
# environment
QT_IM_MODULE = ibus
# environment
SNAP_USER_DATA = /home/adam/snap/code/98
# environment
SHLVL = 0
# environment
GNOME_SHELL_SESSION_MODE = ubuntu
# environment
VSCODE_IPC_HOOK_EXTHOST = /run/user/1000/vscode-ipc-d7253c81-f5e4-426b-9815-e2f8a5b7632d.sock
# default
MAKE_VERSION := 4.2.1
# environment
USER = adam
# environment
SNAP_REVISION = 98
# environment
LC_MONETARY = sk_SK.UTF-8
# makefile
.DEFAULT_GOAL := all
# environment
XDG_CURRENT_DESKTOP = Unity
# automatic
%D = $(patsubst %/,%,$(dir $%))
# environment
LC_TELEPHONE = sk_SK.UTF-8
# default
MAKE_COMMAND := make
# default
.VARIABLES := 
# automatic
*F = $(notdir $*)
# environment
VSCODE_IPC_HOOK = /run/user/1000/vscode-6339429b-1.68.0-main.sock
# environment
BAMF_DESKTOP_FILE_HINT = /var/lib/snapd/desktop/applications/code_code.desktop
# makefile
MAKEFLAGS = pqrR
# environment
MFLAGS = -pqrR
# automatic
*D = $(patsubst %/,%,$(dir $*))
# automatic
+D = $(patsubst %/,%,$(dir $+))
# environment
GDK_BACKEND = x11
# environment
LC_PAPER = sk_SK.UTF-8
# environment
LC_IDENTIFICATION = sk_SK.UTF-8
# environment
QT_ACCESSIBILITY = 1
# default
MAKEFILES := 
# environment
SNAP_COOKIE = JzO0fWUQkHriBQ0ZIs5Z2Nr2CYvrEjGUs_IkdALeieJYtAh15ZBD
# environment
LC_NUMERIC = sk_SK.UTF-8
# automatic
<F = $(notdir $<)
# makefile (from 'Makefile', line 4)
CXX = g++
# environment
LC_MEASUREMENT = sk_SK.UTF-8
# environment
SNAP_NAME = code
# environment
LC_ALL = C
# environment
GJS_DEBUG_TOPICS = JS ERROR;JS LOG
# automatic
^F = $(notdir $^)
# makefile (from 'Makefile', line 13)
DEPS = $(patsubst src/%.cpp, build/%.dep, ${SOURCES})
# default
SUFFIXES := 
# makefile (from 'Makefile', line 6)
FLAGS = -lpng -lz -lstdc++fs -pthread
# environment
SNAP_REEXEC = 
# environment
CHROME_DESKTOP = code-url-handler.desktop
# environment
WINDOWPATH = 2
# default
.INCLUDE_DIRS = /usr/include /usr/local/include /usr/include
# environment
GJS_DEBUG_OUTPUT = stderr
# default
.RECIPEPREFIX := 
# makefile (from 'Makefile', line 12)
OBJECTS = $(patsubst src/%.cpp, build/%.o, ${SOURCES})
 
# environment
LC_ADDRESS = sk_SK.UTF-8
# environment
LANG = C
# environment
VSCODE_PID = 5351
# variable set hash-table stats:
# Load=137/1024=13%, Rehash=0, Collisions=21/162=13%

# Pattern-specific Variable Values

# No pattern-specific variable values.

# Directories

# . (device 66309, inode 5004133): 17 files, no impossibilities.
# examples (device 66309, inode 5004417): 18 files, no impossibilities.
# src (device 66309, inode 5004995): 25 files, no impossibilities.

# 60 files, no impossibilities in 3 directories.

# Implicit Rules

build/%.o: src/%.cpp
#  recipe to execute (from 'Makefile', line 26):
	@mkdir -p build/
	${CXX} ${BASIC_FLAGS}  -c $< -o $@ ${FLAGS}

build/%.dep: src/%.cpp src/CTool.hpp src/CEffectConvolution.hpp src/CImage.cpp src/CEffect.cpp src/CTool.cpp src/CEffectConvolution.cpp src/CEffectLighten.cpp src/CFileReader.hpp src/CAnimation.hpp src/CFileReader.cpp src/CManager.hpp src/CEffectLighten.hpp src/CEffectDarken.hpp src/CAnimation.cpp src/CEffectNegative.hpp src/CManager.cpp src/CEffectDarken.cpp src/CImageLibrary.hpp src/main.cpp src/CEffectNegative.cpp src/CImage.hpp src/CImageLibrary.cpp src/CEffect.hpp
#  recipe to execute (from 'Makefile', line 55):
	@mkdir -p build/
	${CXX} -MM -MT $(patsubst src/%.cpp, build/%.o, $<) $< > $@

# 2 implicit rules, 0 (0.0%) terminal.

# Files

# Not a target:
build/CEffectConvolution.o:
#  Implicit rule search has not been done.
#  Modification time never checked.
#  File has not been updated.

# Not a target:
build/CEffect.o:
#  Implicit rule search has not been done.
#  Modification time never checked.
#  File has not been updated.

# Not a target:
build/CEffectNegative.o:
#  Implicit rule search has not been done.
#  Modification time never checked.
#  File has not been updated.

# Not a target:
build/main.o:
#  Implicit rule search has not been done.
#  Modification time never checked.
#  File has not been updated.

majtaada: build/CImage.o build/CEffect.o build/CTool.o build/CEffectConvolution.o build/CEffectLighten.o build/CFileReader.o build/CAnimation.o build/CManager.o build/CEffectDarken.o build/main.o build/CEffectNegative.o build/CImageLibrary.o
#  Implicit rule search has not been done.
#  Modification time never checked.
#  File has not been updated.
#  recipe to execute (from 'Makefile', line 22):
	@mkdir -p build/
	${CXX} ${BASIC_FLAGS}  $^ -o $@ ${FLAGS}

# Not a target:
examples/fit-logo.png:
#  Implicit rule search has not been done.
#  Modification time never checked.
#  File has not been updated.

all: compile doc
#  Command line target.
#  Implicit rule search has not been done.
#  Modification time never checked.
#  File has not been updated.

# Not a target:
.gitignore:
#  Implicit rule search has not been done.
#  Modification time never checked.
#  File has not been updated.

.PHONY: all compile run doc clean count zip
#  Implicit rule search has not been done.
#  Modification time never checked.
#  File has not been updated.

# Not a target:
src/CFileReader.cpp:
#  Implicit rule search has not been done.
#  Modification time never checked.
#  File has not been updated.

# Not a target:
examples/Am5.png:
#  Implicit rule search has not been done.
#  Modification time never checked.
#  File has not been updated.

# Not a target:
build/CEffectLighten.o:
#  Implicit rule search has not been done.
#  Modification time never checked.
#  File has not been updated.

# Not a target:
examples/Am2.png:
#  Implicit rule search has not been done.
#  Modification time never checked.
#  File has not been updated.

# Not a target:
build/CImageLibrary.o:
#  Implicit rule search has not been done.
#  Modification time never checked.
#  File has not been updated.

majtaada.zip: Makefile Doxyfile DOCUMENTATION.md zadani.txt prohlaseni.txt .gitignore examples/Am3.png examples/graph.png examples/pikachu.png examples/Am1.png examples/Am4.png examples/Am6.png examples/veduci.png examples/Am2.png examples/empty.txt examples/Am5.png examples/fit-logo.png examples/asciiStandard.txt examples/sus.png examples/smile.png examples/Am7.png examples/asciiTen.txt src/CTool.hpp src/CEffectConvolution.hpp src/CImage.cpp src/CEffect.cpp src/CTool.cpp src/CEffectConvolution.cpp src/CEffectLighten.cpp src/CFileReader.hpp src/CAnimation.hpp src/CFileReader.cpp src/CManager.hpp src/CEffectLighten.hpp src/CEffectDarken.hpp src/CAnimation.cpp src/CEffectNegative.hpp src/CManager.cpp src/CEffectDarken.cpp src/CImageLibrary.hpp src/main.cpp src/CEffectNegative.cpp src/CImage.hpp src/CImageLibrary.cpp src/CEffect.hpp
#  Implicit rule search has not been done.
#  Modification time never checked.
#  File has not been updated.
#  recipe to execute (from 'Makefile', line 47):
	rm -rf tmp/
	rm -f $@
	mkdir -p tmp/${LOGIN}/
	cp --parents -r $^ tmp/${LOGIN}/
	cd tmp/ && zip -r ../$@ ${LOGIN}/
	rm -rf tmp/

zip: majtaada.zip
#  Implicit rule search has not been done.
#  Modification time never checked.
#  File has not been updated.

# Not a target:
src/CAnimation.cpp:
#  Implicit rule search has not been done.
#  Modification time never checked.
#  File has not been updated.

# Not a target:
examples/graph.png:
#  Implicit rule search has not been done.
#  Modification time never checked.
#  File has not been updated.

# Not a target:
src/CFileReader.hpp:
#  Implicit rule search has not been done.
#  Modification time never checked.
#  File has not been updated.

# Not a target:
Makefile:
#  Implicit rule search has not been done.
#  Modification time never checked.
#  File has not been updated.

count:
#  Implicit rule search has not been done.
#  Modification time never checked.
#  File has not been updated.
#  recipe to execute (from 'Makefile', line 38):
	wc -l src/*

# Not a target:
DOCUMENTATION.md:
#  Implicit rule search has not been done.
#  Modification time never checked.
#  File has not been updated.

# Not a target:
src/CEffectDarken.cpp:
#  Implicit rule search has not been done.
#  Modification time never checked.
#  File has not been updated.

# Not a target:
examples/Am7.png:
#  Implicit rule search has not been done.
#  Modification time never checked.
#  File has not been updated.

# Not a target:
src/CAnimation.hpp:
#  Implicit rule search has not been done.
#  Modification time never checked.
#  File has not been updated.

# Not a target:
examples/veduci.png:
#  Implicit rule search has not been done.
#  Modification time never checked.
#  File has not been updated.

# Not a target:
examples/Am3.png:
#  Implicit rule search has not been done.
#  Modification time never checked.
#  File has not been updated.

# Not a target:
src/CTool.cpp:
#  Implicit rule search has not been done.
#  Modification time never checked.
#  File has not been updated.

# Not a target:
src/CImage.cpp:
#  Implicit rule search has not been done.
#  Modification time never checked.
#  File has not been updated.

# Not a target:
examples/Am4.png:
#  Implicit rule search has not been done.
#  Modification time never checked.
#  File has not been updated.

# Not a target:
prohlaseni.txt:
#  Implicit rule search has not been done.
#  Modification time never checked.
#  File has not been updated.

# Not a target:
examples/asciiTen.txt:
#  Implicit rule search has not been done.
#  Modification time never checked.
#  File has not been updated.

# Not a target:
build/CFileReader.o:
#  Implicit rule search has not been done.
#  Modification time never checked.
#  File has not been updated.

# Not a target:
src/CManager.cpp:
#  Implicit rule search has not been done.
#  Modification time never checked.
#  File has not been updated.

# Not a target:
src/CEffectDarken.hpp:
#  Implicit rule search has not been done.
#  Modification time never checked.
#  File has not been updated.

# Not a target:
examples/sus.png:
#  Implicit rule search has not been done.
#  Modification time never checked.
#  File has not been updated.

# Not a target:
examples/Am6.png:
#  Implicit rule search has not been done.
#  Modification time never checked.
#  File has not been updated.

# Not a target:
src/CTool.hpp:
#  Implicit rule search has not been done.
#  Modification time never checked.
#  File has not been updated.

compile: majtaada
#  Implicit rule search has not been done.
#  Modification time never checked.
#  File has not been updated.

# Not a target:
src/CImage.hpp:
#  Implicit rule search has not been done.
#  Modification time never checked.
#  File has not been updated.

# Not a target:
build/CAnimation.o:
#  Implicit rule search has not been done.
#  Modification time never checked.
#  File has not been updated.
 

# Not a target:
.DEFAULT:
#  Implicit rule search has not been done.
#  Modification time never checked.
#  File has not been updated.

# Not a target:
examples/asciiStandard.txt:
#  Implicit rule search has not been done.
#  Modification time never checked.
#  File has not been updated.

# Not a target:
src/CManager.hpp:
#  Implicit rule search has not been done.
#  Modification time never checked.
#  File has not been updated.

# Not a target:
zadani.txt:
#  Implicit rule search has not been done.
#  Modification time never checked.
#  File has not been updated.

# Not a target:
examples/pikachu.png:
#  Implicit rule search has not been done.
#  Modification time never checked.
#  File has not been updated.

run: compile
#  Implicit rule search has not been done.
#  Modification time never checked.
#  File has not been updated.
#  recipe to execute (from 'Makefile', line 30):
	./${LOGIN}

# Not a target:
src/CEffectConvolution.cpp:
#  Implicit rule search has not been done.
#  Modification time never checked.
#  File has not been updated.

clean:
#  Implicit rule search has not been done.
#  Modification time never checked.
#  File has not been updated.
#  recipe to execute (from 'Makefile', line 41):
	rm -rf build doc
	rm -f ${LOGIN} ${LOGIN}.zip

# Not a target:
src/CEffect.cpp:
#  Implicit rule search has not been done.
#  Modification time never checked.
#  File has not been updated.

doc/index.html: Doxyfile DOCUMENTATION.md src/CTool.hpp src/CEffectConvolution.hpp src/CImage.cpp src/CEffect.cpp src/CTool.cpp src/CEffectConvolution.cpp src/CEffectLighten.cpp src/CFileReader.hpp src/CAnimation.hpp src/CFileReader.cpp src/CManager.hpp src/CEffectLighten.hpp src/CEffectDarken.hpp src/CAnimation.cpp src/CEffectNegative.hpp src/CManager.cpp src/CEffectDarken.cpp src/CImageLibrary.hpp src/main.cpp src/CEffectNegative.cpp src/CImage.hpp src/CImageLibrary.cpp src/CEffect.hpp
#  Implicit rule search has not been done.
#  Modification time never checked.
#  File has not been updated.
#  recipe to execute (from 'Makefile', line 35):
	doxygen Doxyfile

# Not a target:
build/CEffectDarken.o:
#  Implicit rule search has not been done.
#  Modification time never checked.
#  File has not been updated.

# Not a target:
src/CEffectNegative.cpp:
#  Implicit rule search has not been done.
#  Modification time never checked.
#  File has not been updated.

# Not a target:
build/CImage.dep:
#  Implicit rule search has not been done.
#  Modification time never checked.
#  File has not been updated.

# Not a target:
src/main.cpp:
#  Implicit rule search has not been done.
#  Modification time never checked.
#  File has not been updated.

# Not a target:
build/CTool.o:
#  Implicit rule search has not been done.
#  Modification time never checked.
#  File has not been updated.

# Not a target:
build/CImage.o:
#  Implicit rule search has not been done.
#  Modification time never checked.
#  File has not been updated.

# Not a target:
Doxyfile:
#  Implicit rule search has not been done.
#  Modification time never checked.
#  File has not been updated.

# Not a target:
examples/empty.txt:
#  Implicit rule search has not been done.
#  Modification time never checked.
#  File has not been updated.

# Not a target:
src/CEffectLighten.cpp:
#  Implicit rule search has not been done.
#  Modification time never checked.
#  File has not been updated.

# Not a target:
src/CEffectConvolution.hpp:
#  Implicit rule search has not been done.
#  Modification time never checked.
#  File has not been updated.

# Not a target:
build/CManager.o:
#  Implicit rule search has not been done.
#  Modification time never checked.
#  File has not been updated.

# Not a target:
src/CEffect.hpp:
#  Implicit rule search has not been done.
#  Modification time never checked.
#  File has not been updated.

# Not a target:
src/CImageLibrary.cpp:
#  Implicit rule search has not been done.
#  Modification time never checked.
#  File has not been updated.

# Not a target:
src/CEffectNegative.hpp:
#  Implicit rule search has not been done.
#  Modification time never checked.
#  File has not been updated.

# Not a target:
examples/smile.png:
#  Implicit rule search has not been done.
#  Modification time never checked.
#  File has not been updated.

# Not a target:
examples/Am1.png:
#  Implicit rule search has not been done.
#  Modification time never checked.
#  File has not been updated.

# Not a target:
src/CEffectLighten.hpp:
#  Implicit rule search has not been done.
#  Modification time never checked.
#  File has not been updated.

doc: doc/index.html
#  Implicit rule search has not been done.
#  Modification time never checked.
#  File has not been updated.

# Not a target:
src/CImageLibrary.hpp:
#  Implicit rule search has not been done.
#  Modification time never checked.
#  File has not been updated.

# files hash-table stats:
# Load=71/1024=7%, Rehash=0, Collisions=2/178=1%
# VPATH Search Paths

# No 'vpath' search paths.

# No general ('VPATH' variable) search path.

# strcache buffers: 1 (0) / strings = 135 / storage = 2048 B / avg = 15 B
# current buf: size = 8162 B / used = 2048 B / count = 135 / avg = 15 B

# strcache performance: lookups = 228 / hit rate = 40%
# hash-table stats:
# Load=135/8192=2%, Rehash=0, Collisions=3/228=1%
# Finished Make data base on Mon Jun 13 09:09:27 2022

 
